This is pdfTeX, Version 3.141592653-2.6-1.40.22 (MiKTeX 21.6) (preloaded format=pdflatex 2021.6.18)  9 JUL 2021 17:21
entering extended mode
**./AICCII.tex
(AICCII.tex
LaTeX2e <2021-06-01>
L3 programming layer <2021-06-01> (C:\Miktex\tex/latex/base\article.cls
Document Class: article 2021/02/12 v1.4n Standard LaTeX document class
(C:\Miktex\tex/latex/base\size10.clo
File: size10.clo 2021/02/12 v1.4n Standard LaTeX file (size option)
)
\c@part=\count182
\c@section=\count183
\c@subsection=\count184
\c@subsubsection=\count185
\c@paragraph=\count186
\c@subparagraph=\count187
\c@figure=\count188
\c@table=\count189
\abovecaptionskip=\skip47
\belowcaptionskip=\skip48
\bibindent=\dimen138
) (C:\Miktex\tex/latex/base\inputenc.sty
Package: inputenc 2021/02/14 v1.3d Input encoding file
\inpenc@prehook=\toks16
\inpenc@posthook=\toks17
)
(C:\Miktex\tex/latex/amsmath\amsmath.sty
Package: amsmath 2021/04/20 v2.17j AMS math features
\@mathmargin=\skip49

For additional information on amsmath, use the `?' option.
(C:\Miktex\tex/latex/amsmath\amstext.sty
Package: amstext 2000/06/29 v2.01 AMS text

(C:\Miktex\tex/latex/amsmath\amsgen.sty
File: amsgen.sty 1999/11/30 v2.0 generic functions
\@emptytoks=\toks18
\ex@=\dimen139
))
(C:\Miktex\tex/latex/amsmath\amsbsy.sty
Package: amsbsy 1999/11/29 v1.2d Bold Symbols
\pmbraise@=\dimen140
)
(C:\Miktex\tex/latex/amsmath\amsopn.sty
Package: amsopn 2016/03/08 v2.02 operator names
)
\inf@bad=\count190
LaTeX Info: Redefining \frac on input line 234.
\uproot@=\count191
\leftroot@=\count192
LaTeX Info: Redefining \overline on input line 399.
\classnum@=\count193
\DOTSCASE@=\count194
LaTeX Info: Redefining \ldots on input line 496.
LaTeX Info: Redefining \dots on input line 499.
LaTeX Info: Redefining \cdots on input line 620.
\Mathstrutbox@=\box50
\strutbox@=\box51
\big@size=\dimen141
LaTeX Font Info:    Redeclaring font encoding OML on input line 743.
LaTeX Font Info:    Redeclaring font encoding OMS on input line 744.
\macc@depth=\count195
\c@MaxMatrixCols=\count196
\dotsspace@=\muskip16
\c@parentequation=\count197
\dspbrk@lvl=\count198
\tag@help=\toks19
\row@=\count199
\column@=\count266
\maxfields@=\count267
\andhelp@=\toks20
\eqnshift@=\dimen142
\alignsep@=\dimen143
\tagshift@=\dimen144
\tagwidth@=\dimen145
\totwidth@=\dimen146
\lineht@=\dimen147
\@envbody=\toks21
\multlinegap=\skip50
\multlinetaggap=\skip51
\mathdisplay@stack=\toks22
LaTeX Info: Redefining \[ on input line 2923.
LaTeX Info: Redefining \] on input line 2924.
)
(C:\Miktex\tex/latex/tcolorbox\tcolorbox.sty
Package: tcolorbox 2021/05/21 version 4.50 text color boxes

(C:\Miktex\tex/latex/pgf/basiclayer\pgf.sty
(C:\Miktex\tex/latex/pgf/utilities\pgfrcs.sty
(C:\Miktex\tex/generic/pgf/utilities\pgfutil-common.tex
\pgfutil@everybye=\toks23
\pgfutil@tempdima=\dimen148
\pgfutil@tempdimb=\dimen149

(C:\Miktex\tex/generic/pgf/utilities\pgfutil-common-lists.tex))
(C:\Miktex\tex/generic/pgf/utilities\pgfutil-latex.def
\pgfutil@abb=\box52
)
(C:\Miktex\tex/generic/pgf/utilities\pgfrcs.code.tex
(C:\Miktex\tex/generic/pgf\pgf.revision.tex)
Package: pgfrcs 2021/05/15 v3.1.9a (3.1.9a)
))
Package: pgf 2021/05/15 v3.1.9a (3.1.9a)

(C:\Miktex\tex/latex/pgf/basiclayer\pgfcore.sty
(C:\Miktex\tex/latex/graphics\graphicx.sty
Package: graphicx 2020/12/05 v1.2c Enhanced LaTeX Graphics (DPC,SPQR)

(C:\Miktex\tex/latex/graphics\keyval.sty
Package: keyval 2014/10/28 v1.15 key=value parser (DPC)
\KV@toks@=\toks24
)
(C:\Miktex\tex/latex/graphics\graphics.sty
Package: graphics 2021/03/04 v1.4d Standard LaTeX Graphics (DPC,SPQR)

(C:\Miktex\tex/latex/graphics\trig.sty
Package: trig 2016/01/03 v1.10 sin cos tan (DPC)
)
(C:\Miktex\tex/latex/graphics-cfg\graphics.cfg
File: graphics.cfg 2016/06/04 v1.11 sample graphics configuration
)
Package graphics Info: Driver file: pdftex.def on input line 107.

(C:\Miktex\tex/latex/graphics-def\pdftex.def
File: pdftex.def 2020/10/05 v1.2a Graphics/color driver for pdftex
))
\Gin@req@height=\dimen150
\Gin@req@width=\dimen151
)
(C:\Miktex\tex/latex/pgf/systemlayer\pgfsys.sty
(C:\Miktex\tex/generic/pgf/systemlayer\pgfsys.code.tex
Package: pgfsys 2021/05/15 v3.1.9a (3.1.9a)

(C:\Miktex\tex/generic/pgf/utilities\pgfkeys.code.tex
\pgfkeys@pathtoks=\toks25
\pgfkeys@temptoks=\toks26

(C:\Miktex\tex/generic/pgf/utilities\pgfkeysfiltered.code.tex
\pgfkeys@tmptoks=\toks27
))
\pgf@x=\dimen152
\pgf@y=\dimen153
\pgf@xa=\dimen154
\pgf@ya=\dimen155
\pgf@xb=\dimen156
\pgf@yb=\dimen157
\pgf@xc=\dimen158
\pgf@yc=\dimen159
\pgf@xd=\dimen160
\pgf@yd=\dimen161
\w@pgf@writea=\write3
\r@pgf@reada=\read2
\c@pgf@counta=\count268
\c@pgf@countb=\count269
\c@pgf@countc=\count270
\c@pgf@countd=\count271
\t@pgf@toka=\toks28
\t@pgf@tokb=\toks29
\t@pgf@tokc=\toks30
\pgf@sys@id@count=\count272

(C:\Miktex\tex/generic/pgf/systemlayer\pgf.cfg
File: pgf.cfg 2021/05/15 v3.1.9a (3.1.9a)
)
Driver file for pgf: pgfsys-pdftex.def

(C:\Miktex\tex/generic/pgf/systemlayer\pgfsys-pdftex.def
File: pgfsys-pdftex.def 2021/05/15 v3.1.9a (3.1.9a)

(C:\Miktex\tex/generic/pgf/systemlayer\pgfsys-common-pdf.def
File: pgfsys-common-pdf.def 2021/05/15 v3.1.9a (3.1.9a)
)))
(C:\Miktex\tex/generic/pgf/systemlayer\pgfsyssoftpath.code.tex
File: pgfsyssoftpath.code.tex 2021/05/15 v3.1.9a (3.1.9a)
\pgfsyssoftpath@smallbuffer@items=\count273
\pgfsyssoftpath@bigbuffer@items=\count274
)
(C:\Miktex\tex/generic/pgf/systemlayer\pgfsysprotocol.code.tex
File: pgfsysprotocol.code.tex 2021/05/15 v3.1.9a (3.1.9a)
))
(C:\Miktex\tex/latex/xcolor\xcolor.sty
Package: xcolor 2016/05/11 v2.12 LaTeX color extensions (UK)

(C:\Miktex\tex/latex/graphics-cfg\color.cfg
File: color.cfg 2016/01/02 v1.6 sample color configuration
)
Package xcolor Info: Driver file: pdftex.def on input line 225.
Package xcolor Info: Model `cmy' substituted by `cmy0' on input line 1348.
Package xcolor Info: Model `hsb' substituted by `rgb' on input line 1352.
Package xcolor Info: Model `RGB' extended on input line 1364.
Package xcolor Info: Model `HTML' substituted by `rgb' on input line 1366.
Package xcolor Info: Model `Hsb' substituted by `hsb' on input line 1367.
Package xcolor Info: Model `tHsb' substituted by `hsb' on input line 1368.
Package xcolor Info: Model `HSB' substituted by `hsb' on input line 1369.
Package xcolor Info: Model `Gray' substituted by `gray' on input line 1370.
Package xcolor Info: Model `wave' substituted by `hsb' on input line 1371.
)
(C:\Miktex\tex/generic/pgf/basiclayer\pgfcore.code.tex
Package: pgfcore 2021/05/15 v3.1.9a (3.1.9a)

(C:\Miktex\tex/generic/pgf/math\pgfmath.code.tex
(C:\Miktex\tex/generic/pgf/math\pgfmathcalc.code.tex
(C:\Miktex\tex/generic/pgf/math\pgfmathutil.code.tex)
(C:\Miktex\tex/generic/pgf/math\pgfmathparser.code.tex
\pgfmath@dimen=\dimen162
\pgfmath@count=\count275
\pgfmath@box=\box53
\pgfmath@toks=\toks31
\pgfmath@stack@operand=\toks32
\pgfmath@stack@operation=\toks33
)
(C:\Miktex\tex/generic/pgf/math\pgfmathfunctions.code.tex
(C:\Miktex\tex/generic/pgf/math\pgfmathfunctions.basic.code.tex)
(C:\Miktex\tex/generic/pgf/math\pgfmathfunctions.trigonometric.code.tex)
(C:\Miktex\tex/generic/pgf/math\pgfmathfunctions.random.code.tex)
(C:\Miktex\tex/generic/pgf/math\pgfmathfunctions.comparison.code.tex)
(C:\Miktex\tex/generic/pgf/math\pgfmathfunctions.base.code.tex)
(C:\Miktex\tex/generic/pgf/math\pgfmathfunctions.round.code.tex)
(C:\Miktex\tex/generic/pgf/math\pgfmathfunctions.misc.code.tex)
(C:\Miktex\tex/generic/pgf/math\pgfmathfunctions.integerarithmetics.code.tex)))
(C:\Miktex\tex/generic/pgf/math\pgfmathfloat.code.tex
\c@pgfmathroundto@lastzeros=\count276
))
(C:\Miktex\tex/generic/pgf/math\pgfint.code.tex)
(C:\Miktex\tex/generic/pgf/basiclayer\pgfcorepoints.code.tex
File: pgfcorepoints.code.tex 2021/05/15 v3.1.9a (3.1.9a)
\pgf@picminx=\dimen163
\pgf@picmaxx=\dimen164
\pgf@picminy=\dimen165
\pgf@picmaxy=\dimen166
\pgf@pathminx=\dimen167
\pgf@pathmaxx=\dimen168
\pgf@pathminy=\dimen169
\pgf@pathmaxy=\dimen170
\pgf@xx=\dimen171
\pgf@xy=\dimen172
\pgf@yx=\dimen173
\pgf@yy=\dimen174
\pgf@zx=\dimen175
\pgf@zy=\dimen176
)
(C:\Miktex\tex/generic/pgf/basiclayer\pgfcorepathconstruct.code.tex
File: pgfcorepathconstruct.code.tex 2021/05/15 v3.1.9a (3.1.9a)
\pgf@path@lastx=\dimen177
\pgf@path@lasty=\dimen178
)
(C:\Miktex\tex/generic/pgf/basiclayer\pgfcorepathusage.code.tex
File: pgfcorepathusage.code.tex 2021/05/15 v3.1.9a (3.1.9a)
\pgf@shorten@end@additional=\dimen179
\pgf@shorten@start@additional=\dimen180
)
(C:\Miktex\tex/generic/pgf/basiclayer\pgfcorescopes.code.tex
File: pgfcorescopes.code.tex 2021/05/15 v3.1.9a (3.1.9a)
\pgfpic=\box54
\pgf@hbox=\box55
\pgf@layerbox@main=\box56
\pgf@picture@serial@count=\count277
)
(C:\Miktex\tex/generic/pgf/basiclayer\pgfcoregraphicstate.code.tex
File: pgfcoregraphicstate.code.tex 2021/05/15 v3.1.9a (3.1.9a)
\pgflinewidth=\dimen181
)
(C:\Miktex\tex/generic/pgf/basiclayer\pgfcoretransformations.code.tex
File: pgfcoretransformations.code.tex 2021/05/15 v3.1.9a (3.1.9a)
\pgf@pt@x=\dimen182
\pgf@pt@y=\dimen183
\pgf@pt@temp=\dimen184
)
(C:\Miktex\tex/generic/pgf/basiclayer\pgfcorequick.code.tex
File: pgfcorequick.code.tex 2021/05/15 v3.1.9a (3.1.9a)
)
(C:\Miktex\tex/generic/pgf/basiclayer\pgfcoreobjects.code.tex
File: pgfcoreobjects.code.tex 2021/05/15 v3.1.9a (3.1.9a)
)
(C:\Miktex\tex/generic/pgf/basiclayer\pgfcorepathprocessing.code.tex
File: pgfcorepathprocessing.code.tex 2021/05/15 v3.1.9a (3.1.9a)
)
(C:\Miktex\tex/generic/pgf/basiclayer\pgfcorearrows.code.tex
File: pgfcorearrows.code.tex 2021/05/15 v3.1.9a (3.1.9a)
\pgfarrowsep=\dimen185
)
(C:\Miktex\tex/generic/pgf/basiclayer\pgfcoreshade.code.tex
File: pgfcoreshade.code.tex 2021/05/15 v3.1.9a (3.1.9a)
\pgf@max=\dimen186
\pgf@sys@shading@range@num=\count278
\pgf@shadingcount=\count279
)
(C:\Miktex\tex/generic/pgf/basiclayer\pgfcoreimage.code.tex
File: pgfcoreimage.code.tex 2021/05/15 v3.1.9a (3.1.9a)

(C:\Miktex\tex/generic/pgf/basiclayer\pgfcoreexternal.code.tex
File: pgfcoreexternal.code.tex 2021/05/15 v3.1.9a (3.1.9a)
\pgfexternal@startupbox=\box57
))
(C:\Miktex\tex/generic/pgf/basiclayer\pgfcorelayers.code.tex
File: pgfcorelayers.code.tex 2021/05/15 v3.1.9a (3.1.9a)
)
(C:\Miktex\tex/generic/pgf/basiclayer\pgfcoretransparency.code.tex
File: pgfcoretransparency.code.tex 2021/05/15 v3.1.9a (3.1.9a)
)
(C:\Miktex\tex/generic/pgf/basiclayer\pgfcorepatterns.code.tex
File: pgfcorepatterns.code.tex 2021/05/15 v3.1.9a (3.1.9a)
)
(C:\Miktex\tex/generic/pgf/basiclayer\pgfcorerdf.code.tex
File: pgfcorerdf.code.tex 2021/05/15 v3.1.9a (3.1.9a)
)))
(C:\Miktex\tex/generic/pgf/modules\pgfmoduleshapes.code.tex
File: pgfmoduleshapes.code.tex 2021/05/15 v3.1.9a (3.1.9a)
\pgfnodeparttextbox=\box58
)
(C:\Miktex\tex/generic/pgf/modules\pgfmoduleplot.code.tex
File: pgfmoduleplot.code.tex 2021/05/15 v3.1.9a (3.1.9a)
)
(C:\Miktex\tex/latex/pgf/compatibility\pgfcomp-version-0-65.sty
Package: pgfcomp-version-0-65 2021/05/15 v3.1.9a (3.1.9a)
\pgf@nodesepstart=\dimen187
\pgf@nodesepend=\dimen188
)
(C:\Miktex\tex/latex/pgf/compatibility\pgfcomp-version-1-18.sty
Package: pgfcomp-version-1-18 2021/05/15 v3.1.9a (3.1.9a)
))
(C:\Miktex\tex/latex/tools\verbatim.sty
Package: verbatim 2020-07-07 v1.5u LaTeX2e package for verbatim enhancements
\every@verbatim=\toks34
\verbatim@line=\toks35
\verbatim@in@stream=\read3
)
(C:\Miktex\tex/latex/environ\environ.sty
Package: environ 2014/05/04 v0.3 A new way to define environments

(C:\Miktex\tex/latex/trimspaces\trimspaces.sty
Package: trimspaces 2009/09/17 v1.1 Trim spaces around a token list
))
(C:\Miktex\tex/latex/etoolbox\etoolbox.sty
Package: etoolbox 2020/10/05 v2.5k e-TeX tools for LaTeX (JAW)
\etb@tempcnta=\count280
)
\tcb@titlebox=\box59
\tcb@upperbox=\box60
\tcb@lowerbox=\box61
\tcb@phantombox=\box62
\c@tcbbreakpart=\count281
\c@tcblayer=\count282
\c@tcolorbox@number=\count283
\tcb@temp=\box63
\tcb@temp=\box64
\tcb@temp=\box65
\tcb@temp=\box66
)
(C:\Miktex\tex/latex/amsfonts\amsfonts.sty
Package: amsfonts 2013/01/14 v3.01 Basic AMSFonts support
\symAMSa=\mathgroup4
\symAMSb=\mathgroup5
LaTeX Font Info:    Redeclaring math symbol \hbar on input line 98.
LaTeX Font Info:    Overwriting math alphabet `\mathfrak' in version `bold'
(Font)                  U/euf/m/n --> U/euf/b/n on input line 106.
)
(C:\Miktex\tex/latex/amsfonts\amssymb.sty
Package: amssymb 2013/01/14 v3.01 AMS font symbols
)
(C:\Miktex\tex/latex/pgf/frontendlayer\tikz.sty
(C:\Miktex\tex/latex/pgf/utilities\pgffor.sty
(C:\Miktex\tex/latex/pgf/utilities\pgfkeys.sty
(C:\Miktex\tex/generic/pgf/utilities\pgfkeys.code.tex))
(C:\Miktex\tex/latex/pgf/math\pgfmath.sty
(C:\Miktex\tex/generic/pgf/math\pgfmath.code.tex))
(C:\Miktex\tex/generic/pgf/utilities\pgffor.code.tex
Package: pgffor 2021/05/15 v3.1.9a (3.1.9a)

(C:\Miktex\tex/generic/pgf/math\pgfmath.code.tex)
\pgffor@iter=\dimen189
\pgffor@skip=\dimen190
\pgffor@stack=\toks36
\pgffor@toks=\toks37
))
(C:\Miktex\tex/generic/pgf/frontendlayer/tikz\tikz.code.tex
Package: tikz 2021/05/15 v3.1.9a (3.1.9a)

(C:\Miktex\tex/generic/pgf/libraries\pgflibraryplothandlers.code.tex
File: pgflibraryplothandlers.code.tex 2021/05/15 v3.1.9a (3.1.9a)
\pgf@plot@mark@count=\count284
\pgfplotmarksize=\dimen191
)
\tikz@lastx=\dimen192
\tikz@lasty=\dimen193
\tikz@lastxsaved=\dimen194
\tikz@lastysaved=\dimen195
\tikz@lastmovetox=\dimen196
\tikz@lastmovetoy=\dimen197
\tikzleveldistance=\dimen198
\tikzsiblingdistance=\dimen199
\tikz@figbox=\box67
\tikz@figbox@bg=\box68
\tikz@tempbox=\box69
\tikz@tempbox@bg=\box70
\tikztreelevel=\count285
\tikznumberofchildren=\count286
\tikznumberofcurrentchild=\count287
\tikz@fig@count=\count288

(C:\Miktex\tex/generic/pgf/modules\pgfmodulematrix.code.tex
File: pgfmodulematrix.code.tex 2021/05/15 v3.1.9a (3.1.9a)
\pgfmatrixcurrentrow=\count289
\pgfmatrixcurrentcolumn=\count290
\pgf@matrix@numberofcolumns=\count291
)
\tikz@expandcount=\count292

(C:\Miktex\tex/generic/pgf/frontendlayer/tikz/libraries\tikzlibrarytopaths.code
.tex
File: tikzlibrarytopaths.code.tex 2021/05/15 v3.1.9a (3.1.9a)
))) (C:\Miktex\tex/latex/ebproof\ebproof.sty
(C:\Miktex\tex/latex/l3kernel\expl3.sty
Package: expl3 2021-06-01 L3 programming layer (loader) 

(C:\Miktex\tex/latex/l3backend\l3backend-pdftex.def
File: l3backend-pdftex.def 2021-05-07 L3 backend support: PDF output (pdfTeX)
\l__color_backend_stack_int=\count293
\l__pdf_internal_box=\box71
))
(C:\Miktex\tex/latex/l3packages/xparse\xparse.sty
Package: xparse 2021-06-01 L3 Experimental document command parser
)
Package: ebproof 2021/01/28 v2.1.1 EB's proof trees
\l__ebproof_separation_dim=\dimen256
\l__ebproof_rule_margin_dim=\dimen257
\l__ebproof_rule_thickness_dim=\dimen258
\l__ebproof_rule_separation_dim=\dimen259
\l__ebproof_rule_dash_length_dim=\dimen260
\l__ebproof_rule_dash_space_dim=\dimen261
\l__ebproof_label_separation_dim=\dimen262
\l__ebproof_label_axis_dim=\dimen263
\g__ebproof_register_int=\count294
\l__ebproof_transit_dim=\dimen264
\g__ebproof_level_int=\count295
\g__ebproof_stack_box=\box72
\l__ebproof_1_box=\box73
\l__ebproof_2_box=\box74
\l__ebproof_3_box=\box75
\l__ebproof_4_box=\box76
)
(C:\Miktex\tex/latex/subfig\subfig.sty
Package: subfig 2005/06/28 ver: 1.3 subfig package
 (C:\Miktex\tex/latex/caption\caption.sty
Package: caption 2020/10/26 v3.5g Customizing captions (AR)
(C:\Miktex\tex/latex/caption\caption3.sty
Package: caption3 2020/10/21 v2.2e caption3 kernel (AR)
\captionmargin=\dimen265
\captionmargin@=\dimen266
\captionwidth=\dimen267
\caption@tempdima=\dimen268
\caption@indent=\dimen269
\caption@parindent=\dimen270
\caption@hangindent=\dimen271
Package caption Info: Standard document class detected.
)
\c@caption@flags=\count296
\c@continuedfloat=\count297
)
\c@KVtest=\count298
\sf@farskip=\skip52
\sf@captopadj=\dimen272
\sf@capskip=\skip53
\sf@nearskip=\skip54
\c@subfigure=\count299
\c@subfigure@save=\count300
\c@lofdepth=\count301
\c@subtable=\count302
\c@subtable@save=\count303
\c@lotdepth=\count304
\sf@top=\skip55
\sf@bottom=\skip56
)
(C:\Miktex\tex/latex/tcolorbox\tcblistings.code.tex
Library (tcolorbox): 'tcblistings.code.tex' version '4.50'
(C:\Miktex\tex/latex/listings\listings.sty
\lst@mode=\count305
\lst@gtempboxa=\box77
\lst@token=\toks38
\lst@length=\count306
\lst@currlwidth=\dimen273
\lst@column=\count307
\lst@pos=\count308
\lst@lostspace=\dimen274
\lst@width=\dimen275
\lst@newlines=\count309
\lst@lineno=\count310
\lst@maxwidth=\dimen276

(C:\Miktex\tex/latex/listings\lstmisc.sty
File: lstmisc.sty 2020/03/24 1.8d (Carsten Heinz)
\c@lstnumber=\count311
\lst@skipnumbers=\count312
\lst@framebox=\box78
)
(C:\Miktex\tex/latex/listings\listings.cfg
File: listings.cfg 2020/03/24 1.8d listings configuration
))
Package: listings 2020/03/24 1.8d (Carsten Heinz)

(C:\Miktex\tex/latex/tcolorbox\tcblistingscore.code.tex
Library (tcolorbox): 'tcblistingscore.code.tex' version '4.50'
(C:\Miktex\tex/latex/tcolorbox\tcbprocessing.code.tex
Library (tcolorbox): 'tcbprocessing.code.tex' version '4.50'
(C:\Miktex\tex/generic/pdftexcmds\pdftexcmds.sty
Package: pdftexcmds 2020-06-27 v0.33 Utility functions of pdfTeX for LuaTeX (HO
)

(C:\Miktex\tex/generic/infwarerr\infwarerr.sty
Package: infwarerr 2019/12/03 v1.5 Providing info/warning/error messages (HO)
)
(C:\Miktex\tex/generic/iftex\iftex.sty
Package: iftex 2020/03/06 v1.0d TeX engine tests
)
(C:\Miktex\tex/generic/ltxcmds\ltxcmds.sty
Package: ltxcmds 2020-05-10 v1.25 LaTeX kernel commands for general use (HO)
)
Package pdftexcmds Info: \pdf@primitive is available.
Package pdftexcmds Info: \pdf@ifprimitive is available.
Package pdftexcmds Info: \pdfdraftmode found.
)
(C:\Miktex\tex/latex/tools\shellesc.sty
Package: shellesc 2019/11/08 v1.0c unified shell escape interface for LaTeX
Package shellesc Info: Restricted shell escape enabled on input line 77.
))
\c@tcblisting=\count313
))
(C:\Miktex\tex/generic/pgf/frontendlayer/tikz/libraries\tikzlibraryshapes.code.
tex
File: tikzlibraryshapes.code.tex 2021/05/15 v3.1.9a (3.1.9a)

(C:\Miktex\tex/generic/pgf/frontendlayer/tikz/libraries\tikzlibraryshapes.geome
tric.code.tex
File: tikzlibraryshapes.geometric.code.tex 2021/05/15 v3.1.9a (3.1.9a)

(C:\Miktex\tex/generic/pgf/libraries/shapes\pgflibraryshapes.geometric.code.tex
File: pgflibraryshapes.geometric.code.tex 2021/05/15 v3.1.9a (3.1.9a)
))
(C:\Miktex\tex/generic/pgf/frontendlayer/tikz/libraries\tikzlibraryshapes.misc.
code.tex
File: tikzlibraryshapes.misc.code.tex 2021/05/15 v3.1.9a (3.1.9a)

(C:\Miktex\tex/generic/pgf/libraries/shapes\pgflibraryshapes.misc.code.tex
File: pgflibraryshapes.misc.code.tex 2021/05/15 v3.1.9a (3.1.9a)
))
(C:\Miktex\tex/generic/pgf/frontendlayer/tikz/libraries\tikzlibraryshapes.symbo
ls.code.tex
File: tikzlibraryshapes.symbols.code.tex 2021/05/15 v3.1.9a (3.1.9a)

(C:\Miktex\tex/generic/pgf/libraries/shapes\pgflibraryshapes.symbols.code.tex
File: pgflibraryshapes.symbols.code.tex 2021/05/15 v3.1.9a (3.1.9a)
))
(C:\Miktex\tex/generic/pgf/frontendlayer/tikz/libraries\tikzlibraryshapes.arrow
s.code.tex
File: tikzlibraryshapes.arrows.code.tex 2021/05/15 v3.1.9a (3.1.9a)

(C:\Miktex\tex/generic/pgf/libraries/shapes\pgflibraryshapes.arrows.code.tex
File: pgflibraryshapes.arrows.code.tex 2021/05/15 v3.1.9a (3.1.9a)
))
(C:\Miktex\tex/generic/pgf/frontendlayer/tikz/libraries\tikzlibraryshapes.callo
uts.code.tex
(C:\Miktex\tex/generic/pgf/libraries/shapes\pgflibraryshapes.callouts.code.tex)
)
(C:\Miktex\tex/generic/pgf/frontendlayer/tikz/libraries\tikzlibraryshapes.multi
part.code.tex
File: tikzlibraryshapes.multipart.code.tex 2021/05/15 v3.1.9a (3.1.9a)

(C:\Miktex\tex/generic/pgf/libraries/shapes\pgflibraryshapes.multipart.code.tex
File: pgflibraryshapes.multipart.code.tex 2021/05/15 v3.1.9a (3.1.9a)
\pgfnodepartlowerbox=\box79
\pgfnodeparttwobox=\box80
\pgfnodepartthreebox=\box81
\pgfnodepartfourbox=\box82
\pgfnodeparttwentybox=\box83
\pgfnodepartnineteenbox=\box84
\pgfnodeparteighteenbox=\box85
\pgfnodepartseventeenbox=\box86
\pgfnodepartsixteenbox=\box87
\pgfnodepartfifteenbox=\box88
\pgfnodepartfourteenbox=\box89
\pgfnodepartthirteenbox=\box90
\pgfnodeparttwelvebox=\box91
\pgfnodepartelevenbox=\box92
\pgfnodeparttenbox=\box93
\pgfnodepartninebox=\box94
\pgfnodeparteightbox=\box95
\pgfnodepartsevenbox=\box96
\pgfnodepartsixbox=\box97
\pgfnodepartfivebox=\box98
)))
(C:\Miktex\tex/generic/pgf/frontendlayer/tikz/libraries\tikzlibrarypositioning.
code.tex
File: tikzlibrarypositioning.code.tex 2021/05/15 v3.1.9a (3.1.9a)
)
(C:\Miktex\tex/generic/pgf/frontendlayer/tikz/libraries\tikzlibraryfit.code.tex
File: tikzlibraryfit.code.tex 2021/05/15 v3.1.9a (3.1.9a)
)
(C:\Miktex\tex/generic/pgf/frontendlayer/tikz/libraries\tikzlibrarycalc.code.te
x
File: tikzlibrarycalc.code.tex 2021/05/15 v3.1.9a (3.1.9a)
) (AICCII.aux

LaTeX Warning: Label `fig:visualization' multiply defined.

)
\openout1 = `AICCII.aux'.

LaTeX Font Info:    Checking defaults for OML/cmm/m/it on input line 16.
LaTeX Font Info:    ... okay on input line 16.
LaTeX Font Info:    Checking defaults for OMS/cmsy/m/n on input line 16.
LaTeX Font Info:    ... okay on input line 16.
LaTeX Font Info:    Checking defaults for OT1/cmr/m/n on input line 16.
LaTeX Font Info:    ... okay on input line 16.
LaTeX Font Info:    Checking defaults for T1/cmr/m/n on input line 16.
LaTeX Font Info:    ... okay on input line 16.
LaTeX Font Info:    Checking defaults for TS1/cmr/m/n on input line 16.
LaTeX Font Info:    ... okay on input line 16.
LaTeX Font Info:    Checking defaults for OMX/cmex/m/n on input line 16.
LaTeX Font Info:    ... okay on input line 16.
LaTeX Font Info:    Checking defaults for U/cmr/m/n on input line 16.
LaTeX Font Info:    ... okay on input line 16.
 (C:\Miktex\tex/context/base/mkii\supp-pdf.mkii
[Loading MPS to PDF converter (version 2006.09.02).]
\scratchcounter=\count314
\scratchdimen=\dimen277
\scratchbox=\box99
\nofMPsegments=\count315
\nofMParguments=\count316
\everyMPshowfont=\toks39
\MPscratchCnt=\count317
\MPscratchDim=\dimen278
\MPnumerator=\count318
\makeMPintoPDFobject=\count319
\everyMPtoPDFconversion=\toks40
) (C:\Miktex\tex/latex/epstopdf-pkg\epstopdf-base.sty
Package: epstopdf-base 2020-01-24 v2.11 Base part for package epstopdf
Package epstopdf-base Info: Redefining graphics rule for `.eps' on input line 4
85.

(C:\Miktex\tex/latex/00miktex\epstopdf-sys.cfg
File: epstopdf-sys.cfg 2021/03/18 v2.0 Configuration of epstopdf for MiKTeX
))
Package caption Info: Begin \AtBeginDocument code.
Package caption Info: subfig package v1.3 is loaded.
Package caption Info: listings package is loaded.
Package caption Info: End \AtBeginDocument code.
\c@lstlisting=\count320
<epfl.jpeg, id=4, 612.3678pt x 265.2309pt>
File: epfl.jpeg Graphic file (type jpg)
<use epfl.jpeg>
Package pdftex.def Info: epfl.jpeg  used on input line 22.
(pdftex.def)             Requested size: 172.5pt x 74.71336pt.
 [1

{C:/Users/Ã‰tude/AppData/Local/MiKTeX/pdftex/config/pdftex.map} <./epfl.jpeg>] 
(AICCII.toc
LaTeX Font Info:    Trying to load font information for U+msa on input line 2.

(C:\Miktex\tex/latex/amsfonts\umsa.fd
File: umsa.fd 2013/01/14 v3.01 AMS symbols A
)
LaTeX Font Info:    Trying to load font information for U+msb on input line 2.
 (C:\Miktex\tex/latex/amsfonts\umsb.fd
File: umsb.fd 2013/01/14 v3.01 AMS symbols B
)
[1] [2] [3] [4] [5] [6] [7]
Overfull \hbox (4.7228pt too wide) in paragraph at lines 328--328
 [][] []\OT1/cmr/m/n/10 Theorem 4 (Lower Bound for the Av-er-age Code-word Leng
ths) [][]  
 []

[8] [9])
\tf@toc=\write4
\openout4 = `AICCII.toc'.

 [10]
Overfull \hbox (5.20117pt too wide) detected at line 123
[][][][]
 []

[11]
<equiv.png, id=51, 630.85687pt x 353.06906pt>
File: equiv.png Graphic file (type png)
<use equiv.png>
Package pdftex.def Info: equiv.png  used on input line 149.
(pdftex.def)             Requested size: 172.5pt x 96.54207pt.
 [12 <./equiv.png>] [13]
<visualization.png, id=62, 718.18312pt x 463.7325pt>
File: visualization.png Graphic file (type png)
<use visualization.png>
Package pdftex.def Info: visualization.png  used on input line 220.
(pdftex.def)             Requested size: 345.0pt x 222.77304pt.
 [14]
<inferencerule.png, id=66, 624.83438pt x 222.8325pt>
File: inferencerule.png Graphic file (type png)
<use inferencerule.png>
Package pdftex.def Info: inferencerule.png  used on input line 245.
(pdftex.def)             Requested size: 345.0pt x 123.03767pt.


LaTeX Warning: `h' float specifier changed to `ht'.

[15 <./visualization.png>] [16 <./inferencerule.png>] [17] [18]
Underfull \hbox (badness 10000) in paragraph at lines 368--373

 []

[19]
Overfull \hbox (6.375pt too wide) in paragraph at lines 434--435
 [][] 
 []


LaTeX Warning: `h' float specifier changed to `ht'.

[20]
<relation.png, id=93, 630.85687pt x 405.76593pt>
File: relation.png Graphic file (type png)
<use relation.png>
Package pdftex.def Info: relation.png  used on input line 476.
(pdftex.def)             Requested size: 345.0pt x 221.9027pt.


LaTeX Warning: `h' float specifier changed to `ht'.

[21] [22 <./relation.png>] [23]
<partitions.png, id=108, 319.1925pt x 191.21437pt>
File: partitions.png Graphic file (type png)
<use partitions.png>
Package pdftex.def Info: partitions.png  used on input line 530.
(pdftex.def)             Requested size: 345.0pt x 206.67474pt.
 [24 <./partitions.png>]
<lexicographic.png, id=114, 353.06906pt x 359.84438pt>
File: lexicographic.png Graphic file (type png)
<use lexicographic.png>
Package pdftex.def Info: lexicographic.png  used on input line 543.
(pdftex.def)             Requested size: 345.0pt x 351.6238pt.
<hassediagram1.png, id=115, 292.84406pt x 214.55156pt>
File: hassediagram1.png Graphic file (type png)
<use hassediagram1.png>
Package pdftex.def Info: hassediagram1.png  used on input line 553.
(pdftex.def)             Requested size: 142.26378pt x 104.23416pt.
<hassediagram2.png, id=116, 307.90031pt x 366.61969pt>
File: hassediagram2.png Graphic file (type png)
<use hassediagram2.png>
Package pdftex.def Info: hassediagram2.png  used on input line 555.
(pdftex.def)             Requested size: 142.26378pt x 169.39671pt.
 [25 <./lexicographic.png>] [26 <./hassediagram1.png> <./hassediagram2.png>] [2
7] [28] [29]
\tcb@out=\write5
\openout5 = `AICCII.listing'.


(AICCII.listing)
\openout5 = `AICCII.listing'.

 (AICCII.listing)
Overfull \hbox (22.71371pt too wide) in paragraph at lines 695--695
[] 
 []

[30]
\openout5 = `AICCII.listing'.

 (AICCII.listing)
Overfull \hbox (114.37701pt too wide) in paragraph at lines 725--725
[] 
 []

[31]
<galeshapley.png, id=144, 393.72093pt x 331.99031pt>
File: galeshapley.png Graphic file (type png)
<use galeshapley.png>
Package pdftex.def Info: galeshapley.png  used on input line 728.
(pdftex.def)             Requested size: 345.0pt x 290.90619pt.
 [32 <./galeshapley.png>]
<bigo.png, id=149, 614.295pt x 383.93437pt>
File: bigo.png Graphic file (type png)
<use bigo.png>
Package pdftex.def Info: bigo.png  used on input line 754.
(pdftex.def)             Requested size: 345.0pt x 215.62862pt.


LaTeX Warning: `h' float specifier changed to `ht'.

[33]
Overfull \hbox (36.605pt too wide) in paragraph at lines 778--779
[]\OT1/cmr/m/n/10 If $\OML/cmm/m/it/10 f[]\OT1/cmr/m/n/10 (\OML/cmm/m/it/10 x\O
T1/cmr/m/n/10 )$ is $\OMS/cmsy/m/n/10 O\OT1/cmr/m/n/10 (\OML/cmm/m/it/10 g[]\OT
1/cmr/m/n/10 (\OML/cmm/m/it/10 x\OT1/cmr/m/n/10 ))$ and $\OML/cmm/m/it/10 f[]\O
T1/cmr/m/n/10 (\OML/cmm/m/it/10 x\OT1/cmr/m/n/10 )$ is $\OMS/cmsy/m/n/10 O\OT1/
cmr/m/n/10 (\OML/cmm/m/it/10 g[]\OT1/cmr/m/n/10 (\OML/cmm/m/it/10 x\OT1/cmr/m/n
/10 )) \OMS/cmsy/m/n/10 ) \OT1/cmr/m/n/10 (\OML/cmm/m/it/10 f[]\OT1/cmr/m/n/10 
(\OML/cmm/m/it/10 x\OT1/cmr/m/n/10 ) + \OML/cmm/m/it/10 f[]\OT1/cmr/m/n/10 (\OM
L/cmm/m/it/10 x\OT1/cmr/m/n/10 ))$ is $\OMS/cmsy/m/n/10 O\OT1/cmr/m/n/10 (\OML/
cmm/m/it/10 max\OT1/cmr/m/n/10 (\OML/cmm/m/it/10 g[]\OT1/cmr/m/n/10 (\OML/cmm/m
/it/10 x\OT1/cmr/m/n/10 )\OML/cmm/m/it/10 ; g[]\OT1/cmr/m/n/10 (\OML/cmm/m/it/1
0 x\OT1/cmr/m/n/10 )))$ 
 []

[34 <./bigo.png>] [35]
\openout5 = `AICCII.listing'.

 (AICCII.listing)
\openout5 = `AICCII.listing'.

 (AICCII.listing)
Overfull \hbox (22.71371pt too wide) in paragraph at lines 847--847
[] 
 []

[36] [37] [38]
\openout5 = `AICCII.listing'.

 (AICCII.listing)
\openout5 = `AICCII.listing'.

 (AICCII.listing) [39]
\openout5 = `AICCII.listing'.

 (AICCII.listing)
<power.png, id=173, 453.19313pt x 317.68687pt>
File: power.png Graphic file (type png)
<use power.png>
Package pdftex.def Info: power.png  used on input line 955.
(pdftex.def)             Requested size: 142.26378pt x 99.72287pt.
<nice_power.png, id=174, 441.14813pt x 279.29344pt>
File: nice_power.png Graphic file (type png)
<use nice_power.png>
Package pdftex.def Info: nice_power.png  used on input line 957.
(pdftex.def)             Requested size: 142.26378pt x 90.06612pt.
\openout5 = `AICCII.listing'.


(AICCII.listing)
\openout5 = `AICCII.listing'.

 (AICCII.listing) [40 <./power.png> <./nice_power.png>]
[41]
\openout5 = `AICCII.listing'.

 (AICCII.listing) [42]
\openout5 = `AICCII.listing'.

 (AICCII.listing)
\openout5 = `AICCII.listing'.

 (AICCII.listing) [43] [44] [45]
[46] [47] [48] [49]
<bezout.png, id=209, 509.65407pt x 221.32687pt>
File: bezout.png Graphic file (type png)
<use bezout.png>
Package pdftex.def Info: bezout.png  used on input line 1283.
(pdftex.def)             Requested size: 310.4979pt x 134.84369pt.
 [50 <./bezout.png>]
Underfull \hbox (badness 10000) in paragraph at lines 1304--1311

 []

<isomorphism.png, id=214, 1284.8pt x 963.6pt>
File: isomorphism.png Graphic file (type png)
<use isomorphism.png>
Package pdftex.def Info: isomorphism.png  used on input line 1324.
(pdftex.def)             Requested size: 310.4979pt x 232.87138pt.

LaTeX Warning: `h' float specifier changed to `ht'.

[51] [52 <./isomorphism.png>]
Underfull \hbox (badness 10000) in paragraph at lines 1355--1362

 []


Underfull \hbox (badness 10000) in paragraph at lines 1355--1362

 []

[53] [54]
Underfull \hbox (badness 10000) in paragraph at lines 1405--1412

 []


Underfull \hbox (badness 10000) in paragraph at lines 1405--1412

 []

<cyclicgroup.png, id=229, 1027.84pt x 999.735pt>
File: cyclicgroup.png Graphic file (type png)
<use cyclicgroup.png>
Package pdftex.def Info: cyclicgroup.png  used on input line 1415.
(pdftex.def)             Requested size: 142.26378pt x 138.3602pt.
<cyclicgroup2.png, id=230, 1027.84pt x 1027.84pt>
File: cyclicgroup2.png Graphic file (type png)
<use cyclicgroup2.png>
Package pdftex.def Info: cyclicgroup2.png  used on input line 1417.
(pdftex.def)             Requested size: 142.26378pt x 142.24985pt.
[55 <./cyclicgroup.png> <./cyclicgroup2.png>]
<field4.png, id=236, 239.39438pt x 163.3603pt>
File: field4.png Graphic file (type png)
<use field4.png>
Package pdftex.def Info: field4.png  used on input line 1465.
(pdftex.def)             Requested size: 172.5pt x 117.71155pt.


LaTeX Warning: `h' float specifier changed to `ht'.

[56] [57 <./field4.png>]
Underfull \hbox (badness 10000) in paragraph at lines 1526--1530

 []

[58]
Underfull \hbox (badness 10000) in paragraph at lines 1539--1543

 []

[59] [60] [61] [62] [63] [64]

LaTeX Warning: Command \textasciidieresis invalid in math mode on input line 17
08.


LaTeX Warning: Command \textasciidieresis invalid in math mode on input line 17
08.

Missing character: There is no ¨ in font cmr10!
[65] [66]
Underfull \hbox (badness 2119) in paragraph at lines 1786--1787
[]$\OMS/cmsy/m/n/10 j\OML/cmm/m/it/10 A[] \OMS/cmsy/m/n/10 [ \OML/cmm/m/it/10 :
:: \OMS/cmsy/m/n/10 [ \OML/cmm/m/it/10 A[]\OMS/cmsy/m/n/10 j \OT1/cmr/m/n/10 = 
[][] \OMS/cmsy/m/n/10 j\OML/cmm/m/it/10 A[]\OMS/cmsy/m/n/10 j   [][] j\OML/cmm/
m/it/10 A[] \OMS/cmsy/m/n/10 \ \OML/cmm/m/it/10 A[]\OMS/cmsy/m/n/10 j \OT1/cmr/
m/n/10 + [][] \OMS/cmsy/m/n/10 j\OML/cmm/m/it/10 A[]\OMS/cmsy/m/n/10 j  
 []

[67]

LaTeX Warning: Command \textbullet invalid in math mode on input line 1792.


LaTeX Warning: Command \textbullet invalid in math mode on input line 1792.

Missing character: There is no ˆ in font cmr7!

LaTeX Warning: Command \textbullet invalid in math mode on input line 1802.


LaTeX Warning: Command \textbullet invalid in math mode on input line 1802.

Missing character: There is no ˆ in font cmr7!
[68] [69] [70] [71]
Underfull \hbox (badness 1163) in paragraph at lines 1925--1926
[]\OT1/cmr/m/n/10 The ex-pected num-ber of suc-cesses when $\OML/cmm/m/it/10 n$
 \OT1/cmr/m/n/10 mu-tu-ally in-de-pen-dent
 []

[72] [73]
Underfull \hbox (badness 10000) in paragraph at lines 2004--2008

 []


Underfull \hbox (badness 10000) in paragraph at lines 2010--2014

 []

[74]
Underfull \hbox (badness 10000) in paragraph at lines 2015--2019

 []


Underfull \hbox (badness 10000) in paragraph at lines 2021--2025

 []

[75]
Underfull \hbox (badness 10000) in paragraph at lines 2059--2063

 []


Underfull \hbox (badness 10000) in paragraph at lines 2067--2071

 []


Underfull \hbox (badness 10000) in paragraph at lines 2073--2077

 []

[76]
Underfull \hbox (badness 10000) in paragraph at lines 2079--2084

 []

<binaryfunction.png, id=304, 214.55156pt x 168.63pt>
File: binaryfunction.png Graphic file (type png)
<use binaryfunction.png>
Package pdftex.def Info: binaryfunction.png  used on input line 2101.
(pdftex.def)             Requested size: 172.5pt x 135.58089pt.

LaTeX Warning: `h' float specifier changed to `ht'.

[77] [78 <./binaryfunction.png>]
Underfull \hbox (badness 10000) in paragraph at lines 2151--2155

 []

[79]
<entropy.png, id=316, 256.96pt x 180.675pt>
File: entropy.png Graphic file (type png)
<use entropy.png>
Package pdftex.def Info: entropy.png  used on input line 2200.
(pdftex.def)             Requested size: 172.5pt x 121.29146pt.
 [80 <./entropy.png>]
<encodingmap.png, id=321, 628.59843pt x 261.22594pt>
File: encodingmap.png Graphic file (type png)
<use encodingmap.png>
Package pdftex.def Info: encodingmap.png  used on input line 2221.
(pdftex.def)             Requested size: 310.4979pt x 129.0302pt.
 [81 <./encodingmap.png>] [82]
Overfull \hbox (1.2774pt too wide) in paragraph at lines 2272--2272
[]\OT1/cmr/bx/n/10 Theorem 4 (Lower Bound for the Av-er-age Code-word Lengths) 

 []


Underfull \hbox (badness 10000) in paragraph at lines 2298--2302

 []

[83]
Underfull \hbox (badness 10000) in paragraph at lines 2338--2339
[]$\OML/cmm/m/it/10 p[]\OT1/cmr/m/n/10 (\OML/cmm/m/it/10 s[]; :::; s[]\OT1/cmr/
m/n/10 ) = \OML/cmm/m/it/10 p[]\OT1/cmr/m/n/10 (\OML/cmm/m/it/10 s[]; :::; s[]\
OT1/cmr/m/n/10 )$, $\OMS/cmsy/m/n/10 8\OML/cmm/m/it/10 n$\OT1/cmr/m/n/10 , $\OM
S/cmsy/m/n/10 8\OML/cmm/m/it/10 k$\OT1/cmr/m/n/10 ,
 []

[84]
Overfull \hbox (2.93149pt too wide) in paragraph at lines 2347--2347
[]\OT1/cmr/bx/n/10 Theorem 8 (Re-la-tion be-tween Rate and Per sym-bol En-tropi
es) 
 []

[85] [86]
Underfull \hbox (badness 10000) in paragraph at lines 2410--2414

 []

<crypto.png, id=342, 671.50874pt x 259.7203pt>
File: crypto.png Graphic file (type png)
<use crypto.png>
Package pdftex.def Info: crypto.png  used on input line 2416.
(pdftex.def)             Requested size: 310.4979pt x 120.09102pt.

Underfull \hbox (badness 10000) in paragraph at lines 2429--2433

 []

[87 <./crypto.png>] [88] [89] [90] [91] [92] [93] [94] [95] [96] [97]
<standardarray.png, id=380, 337.26pt x 152.82094pt>
File: standardarray.png Graphic file (type png)
<use standardarray.png>
Package pdftex.def Info: standardarray.png  used on input line 2738.
(pdftex.def)             Requested size: 345.0pt x 156.3323pt.


LaTeX Warning: `h' float specifier changed to `ht'.

[98]
Underfull \hbox (badness 10000) in paragraph at lines 2763--2767

 []

[99 <./standardarray.png>]
Underfull \hbox (badness 10000) in paragraph at lines 2819--2823

 []

[100] [101] [102] (AICCII.aux)

LaTeX Warning: There were multiply-defined labels.

 ) 
Here is how much of TeX's memory you used:
 21097 strings out of 478864
 429923 string characters out of 2865142
 829516 words of memory out of 3000000
 38621 multiletter control sequences out of 15000+600000
 415917 words of font info for 74 fonts, out of 8000000 for 9000
 1141 hyphenation exceptions out of 8191
 101i,12n,108p,954b,1290s stack positions out of 5000i,500n,10000p,200000b,80000s
 <C:\Users\Ã‰tude\AppData\Local\MiKTeX\fonts/pk/ljfour/jknappen/ec/dpi600\tcr
m1000.pk><C:/Miktex/fonts/type1/public/amsfonts/cm/cmbx10.pfb><C:/Miktex/fonts/
type1/public/amsfonts/cm/cmbx12.pfb><C:/Miktex/fonts/type1/public/amsfonts/cm/c
mex10.pfb><C:/Miktex/fonts/type1/public/amsfonts/cm/cmmi10.pfb><C:/Miktex/fonts
/type1/public/amsfonts/cm/cmmi12.pfb><C:/Miktex/fonts/type1/public/amsfonts/cm/
cmmi5.pfb><C:/Miktex/fonts/type1/public/amsfonts/cm/cmmi7.pfb><C:/Miktex/fonts/
type1/public/amsfonts/cm/cmr10.pfb><C:/Miktex/fonts/type1/public/amsfonts/cm/cm
r17.pfb><C:/Miktex/fonts/type1/public/amsfonts/cm/cmr5.pfb><C:/Miktex/fonts/typ
e1/public/amsfonts/cm/cmr7.pfb><C:/Miktex/fonts/type1/public/amsfonts/cm/cmr8.p
fb><C:/Miktex/fonts/type1/public/amsfonts/cm/cmsy10.pfb><C:/Miktex/fonts/type1/
public/amsfonts/cm/cmsy5.pfb><C:/Miktex/fonts/type1/public/amsfonts/cm/cmsy7.pf
b><C:/Miktex/fonts/type1/public/amsfonts/cm/cmsy8.pfb><C:/Miktex/fonts/type1/pu
blic/amsfonts/cm/cmti10.pfb><C:/Miktex/fonts/type1/public/amsfonts/cm/cmti7.pfb
><C:/Miktex/fonts/type1/public/amsfonts/cm/cmtt9.pfb><C:/Miktex/fonts/type1/pub
lic/amsfonts/symbols/msbm10.pfb>
Output written on AICCII.pdf (103 pages, 1903462 bytes).
PDF statistics:
 487 PDF objects out of 1000 (max. 8388607)
 0 named destinations out of 1000 (max. 500000)
 128 words of extra memory for PDF output out of 10000 (max. 10000000)

